TN:
SF:D:\projects\message-tree\src\actions\app.ts
FN:4,initApp
FNF:1
FNH:1
FNDA:3,initApp
DA:1,2
DA:2,2
DA:3,2
DA:5,3
DA:7,2
LF:5
LH:5
BRF:0
BRH:0
end_of_record
TN:
SF:D:\projects\message-tree\src\actions\drafts.ts
FN:7,createDraft
FN:14,changeDraft
FN:22,submitDraft
FN:29,cleanDraft
FNF:4
FNH:4
FNDA:3,createDraft
FNDA:4,changeDraft
FNDA:5,submitDraft
FNDA:7,cleanDraft
DA:1,8
DA:2,8
DA:3,8
DA:4,8
DA:5,8
DA:6,8
DA:8,3
DA:13,8
DA:15,4
DA:21,8
DA:23,5
DA:28,8
DA:30,7
DA:35,8
LF:14
LH:14
BRF:0
BRH:0
end_of_record
TN:
SF:D:\projects\message-tree\src\actions\messages.ts
FN:5,loadMessages
FN:12,appendMessage
FNF:2
FNH:2
FNDA:1,loadMessages
FNDA:3,appendMessage
DA:1,8
DA:2,8
DA:3,8
DA:4,8
DA:6,1
DA:11,8
DA:13,3
DA:18,8
LF:8
LH:8
BRF:0
BRH:0
end_of_record
TN:
SF:D:\projects\message-tree\src\components\AppComponent.tsx
FN:6,(anonymous_0)
FN:9,(anonymous_1)
FNF:2
FNH:2
FNDA:1,(anonymous_0)
FNDA:1,(anonymous_1)
DA:1,2
DA:2,2
DA:3,2
DA:4,2
DA:7,1
DA:10,1
DA:13,2
LF:7
LH:7
BRF:0
BRH:0
end_of_record
TN:
SF:D:\projects\message-tree\src\components\MessageComponent.tsx
FN:5,MessageComponent
FNF:1
FNH:1
FNDA:1,MessageComponent
DA:1,5
DA:2,5
DA:3,5
DA:4,5
DA:6,1
DA:7,1
DA:13,5
LF:7
LH:7
BRF:0
BRH:0
end_of_record
TN:
SF:D:\projects\message-tree\src\components\MessageTreeComponent.tsx
FN:7,(anonymous_0)
FN:13,(anonymous_1)
FN:15,(anonymous_2)
FN:27,(anonymous_3)
FN:30,(anonymous_4)
FN:33,(anonymous_5)
FN:34,(anonymous_6)
FNF:7
FNH:7
FNDA:2,(anonymous_0)
FNDA:2,(anonymous_1)
FNDA:3,(anonymous_2)
FNDA:1,(anonymous_3)
FNDA:2,(anonymous_4)
FNDA:2,(anonymous_5)
FNDA:2,(anonymous_6)
DA:1,4
DA:2,4
DA:3,4
DA:4,4
DA:5,4
DA:8,2
DA:9,2
DA:14,2
DA:15,2
DA:16,3
DA:17,3
DA:20,3
DA:25,2
DA:28,1
DA:31,2
DA:34,2
DA:35,2
DA:36,2
DA:40,4
LF:19
LH:19
BRDA:11,0,0,2
BRDA:11,0,1,1
BRDA:17,1,0,1
BRDA:17,1,1,2
BRDA:23,2,0,3
BRDA:23,2,1,1
BRF:6
BRH:6
end_of_record
TN:
SF:D:\projects\message-tree\src\components\ReplyFormComponent.tsx
FN:5,(anonymous_0)
FN:9,(anonymous_1)
FN:18,(anonymous_2)
FNF:3
FNH:3
FNDA:1,(anonymous_0)
FNDA:1,(anonymous_1)
FNDA:1,(anonymous_2)
DA:1,6
DA:2,6
DA:3,6
DA:6,1
DA:7,1
DA:10,1
DA:11,1
DA:19,1
DA:22,6
LF:9
LH:9
BRF:0
BRH:0
end_of_record
TN:
SF:D:\projects\message-tree\src\components\__tests__\AppComponent.tsx
FN:6,(anonymous_0)
FN:10,(anonymous_1)
FN:13,(anonymous_2)
FNF:3
FNH:3
FNDA:1,(anonymous_0)
FNDA:1,(anonymous_1)
FNDA:1,(anonymous_2)
DA:1,1
DA:2,1
DA:3,1
DA:4,1
DA:5,1
DA:6,1
DA:7,1
DA:8,1
DA:9,1
DA:10,1
DA:11,1
DA:13,1
DA:14,1
DA:15,1
LF:14
LH:14
BRF:0
BRH:0
end_of_record
TN:
SF:D:\projects\message-tree\src\components\__tests__\MessageComponent.tsx
FN:7,(anonymous_0)
FN:19,(anonymous_1)
FN:22,(anonymous_2)
FN:25,(anonymous_3)
FNF:4
FNH:4
FNDA:1,(anonymous_0)
FNDA:1,(anonymous_1)
FNDA:1,(anonymous_2)
FNDA:1,(anonymous_3)
DA:1,1
DA:2,1
DA:3,1
DA:4,1
DA:5,1
DA:6,1
DA:7,1
DA:8,1
DA:9,1
DA:10,1
DA:18,1
DA:19,1
DA:20,1
DA:22,1
DA:23,1
DA:25,1
DA:26,1
LF:17
LH:17
BRF:0
BRH:0
end_of_record
TN:
SF:D:\projects\message-tree\src\components\__tests__\MessageTreeComponent.tsx
FN:8,(anonymous_0)
FN:11,(anonymous_1)
FN:17,(anonymous_2)
FN:21,(anonymous_3)
FN:26,(anonymous_4)
FN:30,(anonymous_5)
FN:34,(anonymous_6)
FN:38,(anonymous_7)
FN:41,(anonymous_8)
FN:44,(anonymous_9)
FN:47,(anonymous_10)
FN:48,(anonymous_11)
FN:49,(anonymous_12)
FN:53,(anonymous_13)
FN:57,(anonymous_14)
FN:60,(anonymous_15)
FN:60,(anonymous_16)
FN:65,(anonymous_17)
FN:68,(anonymous_18)
FN:68,(anonymous_19)
FN:71,(anonymous_20)
FN:74,(anonymous_21)
FN:74,(anonymous_22)
FN:77,(anonymous_23)
FN:79,(anonymous_24)
FN:82,(anonymous_25)
FN:82,(anonymous_26)
FN:83,(anonymous_27)
FN:83,(anonymous_28)
FNF:29
FNH:29
FNDA:1,(anonymous_0)
FNDA:1,(anonymous_1)
FNDA:1,(anonymous_2)
FNDA:1,(anonymous_3)
FNDA:1,(anonymous_4)
FNDA:1,(anonymous_5)
FNDA:1,(anonymous_6)
FNDA:1,(anonymous_7)
FNDA:2,(anonymous_8)
FNDA:2,(anonymous_9)
FNDA:4,(anonymous_10)
FNDA:2,(anonymous_11)
FNDA:3,(anonymous_12)
FNDA:1,(anonymous_13)
FNDA:1,(anonymous_14)
FNDA:2,(anonymous_15)
FNDA:4,(anonymous_16)
FNDA:1,(anonymous_17)
FNDA:3,(anonymous_18)
FNDA:9,(anonymous_19)
FNDA:1,(anonymous_20)
FNDA:3,(anonymous_21)
FNDA:6,(anonymous_22)
FNDA:1,(anonymous_23)
FNDA:2,(anonymous_24)
FNDA:3,(anonymous_25)
FNDA:6,(anonymous_26)
FNDA:2,(anonymous_27)
FNDA:4,(anonymous_28)
DA:1,1
DA:2,1
DA:3,1
DA:4,1
DA:5,1
DA:6,1
DA:7,1
DA:8,1
DA:9,1
DA:10,1
DA:11,1
DA:16,1
DA:17,1
DA:18,1
DA:19,1
DA:21,1
DA:22,1
DA:23,1
DA:24,1
DA:26,1
DA:27,1
DA:28,1
DA:30,1
DA:31,1
DA:32,1
DA:34,1
DA:35,1
DA:38,1
DA:39,1
DA:40,1
DA:41,2
DA:42,1
DA:43,1
DA:44,2
DA:45,1
DA:46,1
DA:47,4
DA:48,2
DA:49,3
DA:52,1
DA:53,1
DA:54,1
DA:55,1
DA:57,1
DA:58,1
DA:59,1
DA:60,4
DA:63,1
DA:65,1
DA:66,1
DA:67,1
DA:68,9
DA:69,1
DA:71,1
DA:72,1
DA:73,1
DA:74,6
DA:75,1
DA:77,1
DA:78,1
DA:79,2
DA:80,1
DA:81,1
DA:82,6
DA:83,4
DA:84,1
LF:66
LH:66
BRDA:60,0,0,2
BRDA:60,0,1,2
BRF:2
BRH:2
end_of_record
TN:
SF:D:\projects\message-tree\src\components\__tests__\ReplyFormComponent.tsx
FN:6,(anonymous_0)
FN:21,(anonymous_1)
FN:24,(anonymous_2)
FN:26,(anonymous_3)
FN:29,(anonymous_4)
FN:32,(anonymous_5)
FN:35,(anonymous_6)
FN:38,(anonymous_7)
FN:47,(anonymous_8)
FN:49,(anonymous_9)
FN:52,(anonymous_10)
FN:55,(anonymous_11)
FN:58,(anonymous_12)
FN:64,(anonymous_13)
FN:66,(anonymous_14)
FN:69,(anonymous_15)
FN:72,(anonymous_16)
FN:75,(anonymous_17)
FN:78,(anonymous_18)
FNF:19
FNH:19
FNDA:1,(anonymous_0)
FNDA:1,(anonymous_1)
FNDA:1,(anonymous_2)
FNDA:1,(anonymous_3)
FNDA:1,(anonymous_4)
FNDA:1,(anonymous_5)
FNDA:1,(anonymous_6)
FNDA:1,(anonymous_7)
FNDA:1,(anonymous_8)
FNDA:1,(anonymous_9)
FNDA:1,(anonymous_10)
FNDA:1,(anonymous_11)
FNDA:1,(anonymous_12)
FNDA:1,(anonymous_13)
FNDA:1,(anonymous_14)
FNDA:1,(anonymous_15)
FNDA:1,(anonymous_16)
FNDA:1,(anonymous_17)
FNDA:1,(anonymous_18)
DA:1,1
DA:2,1
DA:3,1
DA:4,1
DA:5,1
DA:6,1
DA:7,1
DA:8,1
DA:9,1
DA:10,1
DA:20,1
DA:21,1
DA:22,1
DA:24,1
DA:25,1
DA:26,1
DA:27,1
DA:29,1
DA:30,1
DA:32,1
DA:33,1
DA:35,1
DA:36,1
DA:38,1
DA:39,1
DA:40,1
DA:41,1
DA:44,1
DA:47,1
DA:48,1
DA:49,1
DA:50,1
DA:52,1
DA:53,1
DA:55,1
DA:56,1
DA:58,1
DA:59,1
DA:60,1
DA:61,1
DA:64,1
DA:65,1
DA:66,1
DA:67,1
DA:69,1
DA:70,1
DA:72,1
DA:73,1
DA:75,1
DA:76,1
DA:78,1
DA:79,1
DA:80,1
DA:81,1
LF:54
LH:54
BRF:0
BRH:0
end_of_record
TN:
SF:D:\projects\message-tree\src\containers\AppContainer.ts
FN:7,mapDispatchToProps
FNF:1
FNH:1
FNDA:1,mapDispatchToProps
DA:1,1
DA:2,1
DA:3,1
DA:4,1
DA:5,1
DA:6,1
DA:8,1
DA:10,1
DA:11,1
DA:12,1
DA:13,1
LF:11
LH:11
BRF:0
BRH:0
end_of_record
TN:
SF:D:\projects\message-tree\src\containers\MessageTreeContainer.ts
FN:8,mapStateToProps
FN:22,mapDispatchToProps
FNF:2
FNH:2
FNDA:1,mapStateToProps
FNDA:1,mapDispatchToProps
DA:1,3
DA:2,3
DA:3,3
DA:4,3
DA:5,3
DA:6,3
DA:7,3
DA:9,1
DA:11,3
DA:14,2
DA:17,3
DA:21,3
DA:23,1
DA:27,3
DA:28,3
DA:29,3
DA:30,3
LF:17
LH:17
BRF:0
BRH:0
end_of_record
TN:
SF:D:\projects\message-tree\src\containers\ReplyFormContainer.ts
FN:8,mapStateToProps
FN:16,mapDispatchToProps
FN:24,mergeProps
FNF:3
FNH:3
FNDA:1,mapStateToProps
FNDA:1,mapDispatchToProps
FNDA:1,mergeProps
DA:1,5
DA:2,5
DA:3,5
DA:4,5
DA:5,5
DA:6,5
DA:7,5
DA:9,1
DA:10,1
DA:15,5
DA:17,1
DA:23,5
DA:25,1
DA:26,1
DA:27,1
DA:28,1
DA:31,1
DA:34,1
DA:37,5
DA:38,5
DA:39,5
DA:40,5
LF:22
LH:22
BRF:0
BRH:0
end_of_record
TN:
SF:D:\projects\message-tree\src\containers\__tests__\AppContainer.ts
FN:5,(anonymous_0)
FN:6,(anonymous_1)
FN:9,(anonymous_2)
FN:12,(anonymous_3)
FNF:4
FNH:4
FNDA:1,(anonymous_0)
FNDA:1,(anonymous_1)
FNDA:1,(anonymous_2)
FNDA:1,(anonymous_3)
DA:1,1
DA:2,1
DA:3,1
DA:4,1
DA:5,1
DA:6,1
DA:7,1
DA:9,1
DA:10,1
DA:11,1
DA:12,1
DA:13,1
DA:14,1
DA:15,1
LF:14
LH:14
BRF:0
BRH:0
end_of_record
TN:
SF:D:\projects\message-tree\src\containers\__tests__\MessageTreeContainer.ts
FN:8,(anonymous_0)
FN:9,(anonymous_1)
FN:12,(anonymous_2)
FN:14,(anonymous_3)
FN:16,(anonymous_4)
FN:16,(anonymous_5)
FN:19,(anonymous_6)
FN:21,(anonymous_7)
FN:21,(anonymous_8)
FN:23,(anonymous_9)
FN:25,(anonymous_10)
FN:25,(anonymous_11)
FN:29,(anonymous_12)
FN:32,(anonymous_13)
FNF:14
FNH:14
FNDA:1,(anonymous_0)
FNDA:1,(anonymous_1)
FNDA:1,(anonymous_2)
FNDA:1,(anonymous_3)
FNDA:2,(anonymous_4)
FNDA:2,(anonymous_5)
FNDA:1,(anonymous_6)
FNDA:2,(anonymous_7)
FNDA:2,(anonymous_8)
FNDA:1,(anonymous_9)
FNDA:2,(anonymous_10)
FNDA:2,(anonymous_11)
FNDA:1,(anonymous_12)
FNDA:1,(anonymous_13)
DA:1,1
DA:2,1
DA:3,1
DA:4,1
DA:5,1
DA:6,1
DA:7,1
DA:8,1
DA:9,1
DA:10,1
DA:12,1
DA:13,1
DA:14,1
DA:15,1
DA:16,2
DA:17,1
DA:19,1
DA:20,1
DA:21,2
DA:23,1
DA:24,1
DA:25,2
DA:26,1
DA:29,1
DA:30,1
DA:31,1
DA:32,1
DA:33,1
DA:34,1
DA:35,1
LF:30
LH:30
BRF:0
BRH:0
end_of_record
TN:
SF:D:\projects\message-tree\src\containers\__tests__\ReplyFormContainer.ts
FN:8,(anonymous_0)
FN:9,(anonymous_1)
FN:12,(anonymous_2)
FN:16,(anonymous_3)
FN:19,(anonymous_4)
FN:22,(anonymous_5)
FN:28,(anonymous_6)
FN:33,(anonymous_7)
FNF:8
FNH:8
FNDA:1,(anonymous_0)
FNDA:1,(anonymous_1)
FNDA:1,(anonymous_2)
FNDA:1,(anonymous_3)
FNDA:1,(anonymous_4)
FNDA:1,(anonymous_5)
FNDA:1,(anonymous_6)
FNDA:1,(anonymous_7)
DA:1,1
DA:2,1
DA:3,1
DA:4,1
DA:5,1
DA:6,1
DA:7,1
DA:8,1
DA:9,1
DA:10,1
DA:12,1
DA:13,1
DA:14,1
DA:15,1
DA:16,1
DA:17,1
DA:19,1
DA:20,1
DA:22,1
DA:23,1
DA:24,1
DA:25,1
DA:26,1
DA:28,1
DA:29,1
DA:30,1
DA:31,1
DA:33,1
DA:34,1
DA:35,1
DA:36,1
LF:31
LH:31
BRF:0
BRH:0
end_of_record
TN:
SF:D:\projects\message-tree\src\epics\app.ts
FN:5,(anonymous_0)
FNF:1
FNH:1
FNDA:1,(anonymous_0)
DA:1,1
DA:2,1
DA:3,1
DA:4,1
DA:5,1
DA:6,1
DA:10,1
LF:7
LH:7
BRF:0
BRH:0
end_of_record
TN:
SF:D:\projects\message-tree\src\epics\drafts.ts
FN:7,(anonymous_0)
FN:11,(anonymous_1)
FN:12,(anonymous_2)
FNF:3
FNH:3
FNDA:2,(anonymous_0)
FNDA:2,(anonymous_1)
FNDA:1,(anonymous_2)
DA:1,1
DA:2,1
DA:3,1
DA:4,1
DA:5,1
DA:6,1
DA:7,1
DA:8,2
DA:9,2
DA:11,2
DA:13,1
DA:14,1
DA:15,1
DA:18,1
LF:14
LH:14
BRF:0
BRH:0
end_of_record
TN:
SF:D:\projects\message-tree\src\epics\__tests__\app.ts
FN:7,(anonymous_0)
FN:10,(anonymous_1)
FN:15,(anonymous_2)
FNF:3
FNH:3
FNDA:1,(anonymous_0)
FNDA:1,(anonymous_1)
FNDA:1,(anonymous_2)
DA:1,1
DA:2,1
DA:3,1
DA:4,1
DA:5,1
DA:6,1
DA:7,1
DA:8,1
DA:9,1
DA:10,1
DA:11,1
DA:12,1
DA:13,1
DA:15,1
DA:16,1
DA:17,1
LF:16
LH:16
BRF:0
BRH:0
end_of_record
TN:
SF:D:\projects\message-tree\src\epics\__tests__\drafts.ts
FN:8,(anonymous_0)
FN:12,(anonymous_1)
FN:15,(anonymous_2)
FN:18,(anonymous_3)
FN:19,(anonymous_4)
FN:25,(anonymous_5)
FN:28,(anonymous_6)
FN:29,(anonymous_7)
FNF:8
FNH:8
FNDA:1,(anonymous_0)
FNDA:2,(anonymous_1)
FNDA:1,(anonymous_2)
FNDA:1,(anonymous_3)
FNDA:1,(anonymous_4)
FNDA:1,(anonymous_5)
FNDA:1,(anonymous_6)
FNDA:1,(anonymous_7)
DA:1,1
DA:2,1
DA:3,1
DA:4,1
DA:5,1
DA:6,1
DA:7,1
DA:8,1
DA:9,1
DA:10,1
DA:11,1
DA:12,1
DA:13,2
DA:15,1
DA:16,1
DA:17,1
DA:18,1
DA:19,1
DA:20,1
DA:22,1
DA:25,1
DA:26,1
DA:27,1
DA:28,1
DA:29,1
DA:30,1
DA:34,1
LF:27
LH:27
BRF:0
BRH:0
end_of_record
TN:
SF:D:\projects\message-tree\src\mocks\data\draftsBySubject.ts
FNF:0
FNH:0
DA:1,6
DA:2,6
DA:3,6
DA:4,6
DA:14,6
DA:15,6
DA:16,6
DA:17,6
LF:8
LH:8
BRF:0
BRH:0
end_of_record
TN:
SF:D:\projects\message-tree\src\mocks\data\index.ts
FNF:0
FNH:0
DA:1,5
DA:2,5
DA:3,5
DA:4,5
DA:5,5
DA:9,5
LF:6
LH:6
BRF:0
BRH:0
end_of_record
TN:
SF:D:\projects\message-tree\src\mocks\data\messages.ts
FNF:0
FNH:0
DA:1,1
DA:2,1
DA:3,1
DA:4,1
DA:24,1
LF:5
LH:5
BRF:0
BRH:0
end_of_record
TN:
SF:D:\projects\message-tree\src\mocks\data\messagesBySubject.ts
FNF:0
FNH:0
DA:1,6
DA:2,6
DA:3,6
DA:4,6
DA:28,6
DA:29,6
LF:6
LH:6
BRF:0
BRH:0
end_of_record
TN:
SF:D:\projects\message-tree\src\mocks\helpers\createDependencies.ts
FN:4,createDependencies
FNF:1
FNH:1
FNDA:2,createDependencies
DA:1,2
DA:2,2
DA:3,2
DA:5,2
DA:6,2
DA:8,2
LF:6
LH:6
BRF:0
BRH:0
end_of_record
TN:
SF:D:\projects\message-tree\src\mocks\helpers\createMiddlewareAPI.ts
FN:4,createMiddlewareAPI
FN:7,(anonymous_1)
FNF:2
FNH:2
FNDA:2,createMiddlewareAPI
FNDA:3,(anonymous_1)
DA:1,2
DA:2,2
DA:3,2
DA:5,2
DA:7,3
DA:10,2
LF:6
LH:6
BRF:0
BRH:0
end_of_record
TN:
SF:D:\projects\message-tree\src\mocks\helpers\index.ts
FNF:0
FNH:0
DA:1,2
DA:2,2
DA:3,2
DA:4,2
DA:5,2
DA:6,2
LF:6
LH:6
BRF:0
BRH:0
end_of_record
TN:
SF:D:\projects\message-tree\src\reducers\draftsBySubject.ts
FN:12,createCase
FN:20,changeCase
FN:25,cleanCase
FN:34,default_1
FN:47,getSubjectIds
FN:51,getDraft
FN:55,hasDraft
FN:59,isValid
FNF:8
FNH:8
FNDA:1,createCase
FNDA:1,changeCase
FNDA:2,cleanCase
FNDA:18,default_1
FNDA:2,getSubjectIds
FNDA:16,getDraft
FNDA:22,hasDraft
FNDA:9,isValid
DA:1,8
DA:2,8
DA:3,8
DA:4,8
DA:5,8
DA:9,8
DA:13,1
DA:14,1
DA:19,8
DA:21,1
DA:22,1
DA:24,8
DA:26,2
DA:27,2
DA:28,2
DA:31,2
DA:33,8
DA:35,18
DA:37,1
DA:39,1
DA:41,2
DA:43,14
DA:46,8
DA:48,2
DA:50,8
DA:52,16
DA:54,8
DA:56,22
DA:58,8
DA:60,9
DA:62,8
LF:31
LH:31
BRDA:28,0,0,1
BRDA:28,0,1,1
BRDA:34,1,0,13
BRDA:35,2,0,1
BRDA:35,2,1,1
BRDA:35,2,2,2
BRDA:35,2,3,14
BRDA:51,3,0,1
BRDA:55,4,0,1
BRDA:59,5,0,1
BRDA:60,6,0,9
BRDA:60,6,1,8
BRF:12
BRH:12
end_of_record
TN:
SF:D:\projects\message-tree\src\reducers\index.ts
FN:10,getMessagesSubjectIds
FN:14,getDraftsSubjectIds
FN:18,hasMessages
FN:22,getMessages
FN:26,hasDraft
FN:30,getDraft
FN:34,isDraftValid
FNF:7
FNH:7
FNDA:2,getMessagesSubjectIds
FNDA:1,getDraftsSubjectIds
FNDA:9,hasMessages
FNDA:6,getMessages
FNDA:8,hasDraft
FNDA:3,getDraft
FNDA:4,isDraftValid
DA:1,6
DA:2,6
DA:3,6
DA:4,6
DA:5,6
DA:6,6
DA:11,2
DA:13,6
DA:15,1
DA:17,6
DA:19,9
DA:21,6
DA:23,6
DA:25,6
DA:27,8
DA:29,6
DA:31,3
DA:33,6
DA:35,4
DA:37,6
LF:20
LH:20
BRF:0
BRH:0
end_of_record
TN:
SF:D:\projects\message-tree\src\reducers\messagesBySubject.ts
FN:5,loadMessagesCase
FN:7,(anonymous_1)
FN:15,appendMessageCase
FN:21,default_1
FN:32,getSubjectIds
FN:36,hasMessages
FN:40,getMessages
FNF:7
FNH:7
FNDA:1,loadMessagesCase
FNDA:3,(anonymous_1)
FNDA:3,appendMessageCase
FNDA:18,default_1
FNDA:3,getSubjectIds
FNDA:14,hasMessages
FNDA:11,getMessages
DA:1,8
DA:2,8
DA:3,8
DA:4,8
DA:6,1
DA:7,1
DA:8,3
DA:9,3
DA:10,3
DA:12,1
DA:14,8
DA:16,3
DA:17,3
DA:18,3
DA:20,8
DA:22,18
DA:24,3
DA:26,1
DA:28,14
DA:31,8
DA:33,3
DA:35,8
DA:37,14
DA:39,8
DA:41,11
DA:43,8
LF:26
LH:26
BRDA:9,0,0,3
BRDA:9,0,1,2
BRDA:17,1,0,3
BRDA:17,1,1,2
BRDA:21,2,0,13
BRDA:22,3,0,3
BRDA:22,3,1,1
BRDA:22,3,2,14
BRDA:36,4,0,2
BRDA:40,5,0,2
BRF:10
BRH:10
end_of_record
TN:
SF:D:\projects\message-tree\src\reducers\__tests__\draftsBySubject.ts
FN:6,(anonymous_0)
FN:9,(anonymous_1)
FN:13,(anonymous_2)
FN:14,(anonymous_3)
FN:16,(anonymous_4)
FN:20,(anonymous_5)
FN:25,(anonymous_6)
FN:29,(anonymous_7)
FN:32,(anonymous_8)
FN:35,(anonymous_9)
FN:39,(anonymous_10)
FN:44,(anonymous_11)
FN:48,(anonymous_12)
FN:51,(anonymous_13)
FN:55,(anonymous_14)
FN:56,(anonymous_15)
FN:60,(anonymous_16)
FN:63,(anonymous_17)
FN:66,(anonymous_18)
FN:70,(anonymous_19)
FN:74,(anonymous_20)
FN:77,(anonymous_21)
FN:80,(anonymous_22)
FN:86,(anonymous_23)
FN:87,(anonymous_24)
FN:90,(anonymous_25)
FN:93,(anonymous_26)
FN:97,(anonymous_27)
FN:100,(anonymous_28)
FN:104,(anonymous_29)
FN:112,expectOtherDraftsArePreserved
FN:114,(anonymous_31)
FN:115,(anonymous_32)
FN:117,expectDraftIsEmpty
FNF:34
FNH:34
FNDA:1,(anonymous_0)
FNDA:1,(anonymous_1)
FNDA:1,(anonymous_2)
FNDA:1,(anonymous_3)
FNDA:1,(anonymous_4)
FNDA:1,(anonymous_5)
FNDA:1,(anonymous_6)
FNDA:1,(anonymous_7)
FNDA:1,(anonymous_8)
FNDA:1,(anonymous_9)
FNDA:1,(anonymous_10)
FNDA:1,(anonymous_11)
FNDA:1,(anonymous_12)
FNDA:1,(anonymous_13)
FNDA:1,(anonymous_14)
FNDA:1,(anonymous_15)
FNDA:1,(anonymous_16)
FNDA:1,(anonymous_17)
FNDA:1,(anonymous_18)
FNDA:1,(anonymous_19)
FNDA:1,(anonymous_20)
FNDA:1,(anonymous_21)
FNDA:1,(anonymous_22)
FNDA:1,(anonymous_23)
FNDA:1,(anonymous_24)
FNDA:1,(anonymous_25)
FNDA:2,(anonymous_26)
FNDA:1,(anonymous_27)
FNDA:2,(anonymous_28)
FNDA:1,(anonymous_29)
FNDA:4,expectOtherDraftsArePreserved
FNDA:8,(anonymous_31)
FNDA:5,(anonymous_32)
FNDA:3,expectDraftIsEmpty
DA:1,1
DA:2,1
DA:3,1
DA:4,1
DA:5,1
DA:6,1
DA:7,1
DA:9,1
DA:10,1
DA:11,1
DA:13,1
DA:14,1
DA:15,1
DA:16,1
DA:17,1
DA:18,1
DA:20,1
DA:21,1
DA:22,1
DA:25,1
DA:26,1
DA:27,1
DA:28,1
DA:29,1
DA:30,1
DA:32,1
DA:33,1
DA:35,1
DA:36,1
DA:39,1
DA:40,1
DA:41,1
DA:42,1
DA:43,1
DA:44,1
DA:45,1
DA:46,1
DA:48,1
DA:49,1
DA:51,1
DA:52,1
DA:55,1
DA:56,1
DA:57,1
DA:58,1
DA:59,1
DA:60,1
DA:61,1
DA:63,1
DA:64,1
DA:66,1
DA:67,1
DA:70,1
DA:71,1
DA:72,1
DA:73,1
DA:74,1
DA:75,1
DA:77,1
DA:78,1
DA:80,1
DA:81,1
DA:86,1
DA:87,1
DA:88,1
DA:90,1
DA:91,1
DA:92,1
DA:93,2
DA:94,1
DA:95,1
DA:97,1
DA:98,1
DA:99,1
DA:100,2
DA:101,1
DA:102,1
DA:104,1
DA:105,1
DA:106,1
DA:107,1
DA:108,1
DA:109,1
DA:113,4
DA:114,8
DA:115,5
DA:118,3
DA:119,3
DA:120,3
DA:121,3
LF:90
LH:90
BRF:0
BRH:0
end_of_record
TN:
SF:D:\projects\message-tree\src\reducers\__tests__\messagesBySubject.ts
FN:7,(anonymous_0)
FN:10,(anonymous_1)
FN:11,(anonymous_2)
FN:13,(anonymous_3)
FN:17,(anonymous_4)
FN:22,(anonymous_5)
FN:25,(anonymous_6)
FN:28,(anonymous_7)
FN:29,(anonymous_8)
FN:35,(anonymous_9)
FN:38,(anonymous_10)
FN:42,(anonymous_11)
FN:45,(anonymous_12)
FN:46,(anonymous_13)
FN:53,(anonymous_14)
FN:54,(anonymous_15)
FN:57,(anonymous_16)
FN:60,(anonymous_17)
FN:64,(anonymous_18)
FN:67,(anonymous_19)
FNF:20
FNH:20
FNDA:1,(anonymous_0)
FNDA:1,(anonymous_1)
FNDA:1,(anonymous_2)
FNDA:1,(anonymous_3)
FNDA:1,(anonymous_4)
FNDA:1,(anonymous_5)
FNDA:1,(anonymous_6)
FNDA:1,(anonymous_7)
FNDA:3,(anonymous_8)
FNDA:1,(anonymous_9)
FNDA:3,(anonymous_10)
FNDA:1,(anonymous_11)
FNDA:1,(anonymous_12)
FNDA:3,(anonymous_13)
FNDA:1,(anonymous_14)
FNDA:1,(anonymous_15)
FNDA:1,(anonymous_16)
FNDA:2,(anonymous_17)
FNDA:1,(anonymous_18)
FNDA:2,(anonymous_19)
DA:1,1
DA:2,1
DA:3,1
DA:4,1
DA:5,1
DA:6,1
DA:7,1
DA:8,1
DA:10,1
DA:11,1
DA:12,1
DA:13,1
DA:14,1
DA:15,1
DA:17,1
DA:18,1
DA:19,1
DA:22,1
DA:23,1
DA:24,1
DA:25,1
DA:26,1
DA:28,1
DA:29,1
DA:30,3
DA:31,3
DA:35,1
DA:37,1
DA:38,1
DA:39,3
DA:40,3
DA:42,1
DA:43,1
DA:45,1
DA:46,1
DA:47,3
DA:48,3
DA:53,1
DA:54,1
DA:55,1
DA:57,1
DA:58,1
DA:59,1
DA:60,2
DA:61,1
DA:62,1
DA:64,1
DA:65,1
DA:66,1
DA:67,2
DA:68,1
DA:69,1
LF:52
LH:52
BRF:0
BRH:0
end_of_record
